<?xml version="1.0" encoding="UTF-8"?>
<!-- Generated by org.testng.reporters.JUnitXMLReporter -->
<testsuite hostname="DHARANESH" name="LMS application chrome" tests="5" failures="4" timestamp="14 Sep 2019 12:30:05 GMT" time="144.743" errors="0">
  <testcase name="VerifyLoginPageTitleTest" time="1.251" classname="com.Mytests.LoginTest"/>
  <testcase name="VerifyLoginPageHeaderTest" time="3.559" classname="com.Mytests.LoginTest">
    <failure type="java.lang.NullPointerException">
      <![CDATA[java.lang.NullPointerException
	at Pages.BasePage.getPageHeader(BasePage.java:24)
	at Pages.LoginPage.getLoginpageHeader(LoginPage.java:41)
	at com.Mytests.LoginTest.VerifyLoginPageHeaderTest(LoginTest.java:31)
	at java.util.concurrent.ThreadPoolExecutor.runWorker(ThreadPoolExecutor.java:1149)
	at java.util.concurrent.ThreadPoolExecutor$Worker.run(ThreadPoolExecutor.java:624)
	at java.lang.Thread.run(Thread.java:748)
... Removed 10 stack frames]]>
    </failure>
  </testcase> <!-- VerifyLoginPageHeaderTest -->
  <testcase name="doLoginTest" time="3.559" classname="com.Mytests.LoginTest">
    <failure type="java.lang.NullPointerException">
      <![CDATA[java.lang.NullPointerException
	at Pages.LoginPage.doLogin(LoginPage.java:55)
	at com.Mytests.LoginTest.doLoginTest(LoginTest.java:39)
	at java.util.concurrent.ThreadPoolExecutor.runWorker(ThreadPoolExecutor.java:1149)
	at java.util.concurrent.ThreadPoolExecutor$Worker.run(ThreadPoolExecutor.java:624)
	at java.lang.Thread.run(Thread.java:748)
... Removed 10 stack frames]]>
    </failure>
  </testcase> <!-- doLoginTest -->
  <testcase name="VerifyHomePageTitle" time="9.833" classname="com.Mytests.HomePageTest">
    <failure type="java.lang.AssertionError" message="Title Mismatched expected [Edusmart] but found [Edusmart LMS]">
      <![CDATA[java.lang.AssertionError: Title Mismatched expected [Edusmart] but found [Edusmart LMS]
	at com.Mytests.HomePageTest.VerifyHomePageTitle(HomePageTest.java:22)
	at java.util.concurrent.ThreadPoolExecutor.runWorker(ThreadPoolExecutor.java:1149)
	at java.util.concurrent.ThreadPoolExecutor$Worker.run(ThreadPoolExecutor.java:624)
	at java.lang.Thread.run(Thread.java:748)
... Removed 15 stack frames]]>
    </failure>
  </testcase> <!-- VerifyHomePageTitle -->
  <testcase name="VerifyWorkspacelink" time="12.07" classname="com.Mytests.HomePageTest">
    <failure type="java.lang.NullPointerException">
      <![CDATA[java.lang.NullPointerException
	at Pages.HomePage.clickworkspace(HomePage.java:36)
	at com.Mytests.HomePageTest.VerifyWorkspacelink(HomePageTest.java:30)
	at java.util.concurrent.ThreadPoolExecutor.runWorker(ThreadPoolExecutor.java:1149)
	at java.util.concurrent.ThreadPoolExecutor$Worker.run(ThreadPoolExecutor.java:624)
	at java.lang.Thread.run(Thread.java:748)
... Removed 10 stack frames]]>
    </failure>
  </testcase> <!-- VerifyWorkspacelink -->
</testsuite> <!-- LMS application chrome -->
